<?xml version="1.0" encoding="UTF-8"?>
<!-- Generated by org.testng.reporters.JUnitReportReporter -->
<testsuite skipped="0" hostname="EPINPUNW0017" name="com.nanda.testlab.selenium.guru99.test.FirstTest" tests="1" failures="0" timestamp="13 Nov 2017 07:46:57 GMT" time="5.746" errors="0">
  <testcase name="testPage" time="5.746" classname="com.nanda.testlab.selenium.guru99.test.FirstTest"/>
</testsuite> <!-- com.nanda.testlab.selenium.guru99.test.FirstTest -->
