<?xml version="1.0" encoding="UTF-8"?>
<!-- Generated by org.testng.reporters.JUnitReportReporter -->
<testsuite skipped="0" hostname="EPINPUNW0017" name="com.nanda.app.ecomm.gurru99.MobilePageTest" tests="1" failures="0" timestamp="03 Dec 2017 13:46:10 GMT" time="17.932" errors="0">
  <testcase name="testMobileList" time="17.932" classname="com.nanda.app.ecomm.gurru99.MobilePageTest"/>
</testsuite> <!-- com.nanda.app.ecomm.gurru99.MobilePageTest -->
