<?xml version="1.0" encoding="UTF-8"?>
<!-- Generated by org.testng.reporters.JUnitReportReporter -->
<testsuite skipped="0" hostname="nanmathi-HP" name="com.nanda.app.store.test.NavigationTest" tests="1" failures="0" timestamp="17 May 2017 10:20:51 GMT" time="179.761" errors="0">
  <testcase name="testOne" time="179.761" classname="com.nanda.app.store.test.NavigationTest"/>
</testsuite> <!-- com.nanda.app.store.test.NavigationTest -->
