<?xml version="1.0" encoding="UTF-8"?>
<!-- Generated by org.testng.reporters.JUnitReportReporter -->
<testsuite skipped="0" hostname="EPINPUNW0017" name="com.nanda.testlab.selenium.guru99.test.FormTest" tests="1" failures="0" timestamp="13 Nov 2017 08:05:14 GMT" time="5.584" errors="0">
  <testcase name="formTest" time="5.584" classname="com.nanda.testlab.selenium.guru99.test.FormTest"/>
</testsuite> <!-- com.nanda.testlab.selenium.guru99.test.FormTest -->
