<?xml version="1.0" encoding="UTF-8"?>
<!-- Generated by org.testng.reporters.JUnitReportReporter -->
<testsuite skipped="2" hostname="nanmathi-HP" name="com.nanda.testlab.selenium.test.IndeedHomePageTest" tests="3" failures="0" timestamp="30 Apr 2017 05:29:07 GMT" time="0.663" errors="0">
  <testcase name="testMe" time="0.663" classname="com.nanda.testlab.selenium.test.IndeedHomePageTest"/>
  <testcase name="testFindJobButton" classname="com.nanda.testlab.selenium.test.IndeedHomePageTest">
    <skipped/>
  </testcase> <!-- testFindJobButton -->
  <testcase name="testFindJobSearch" classname="com.nanda.testlab.selenium.test.IndeedHomePageTest">
    <skipped/>
  </testcase> <!-- testFindJobSearch -->
</testsuite> <!-- com.nanda.testlab.selenium.test.IndeedHomePageTest -->
