<?xml version="1.0" encoding="UTF-8"?>
<!-- Generated by org.testng.reporters.JUnitReportReporter -->
<testsuite skipped="0" hostname="nanmathi-HP" name="com.nanda.testlab.selenium.problems.TestLocatorFeature" tests="9" failures="0" timestamp="30 Apr 2017 06:56:18 GMT" time="11.226" errors="0">
  <testcase name="sleep" time="1.061" classname="com.nanda.testlab.selenium.problems.TestLocatorFeature"/>
  <testcase name="testId" time="1.640" classname="com.nanda.testlab.selenium.problems.TestLocatorFeature"/>
  <testcase name="testTagName" time="0.760" classname="com.nanda.testlab.selenium.problems.TestLocatorFeature"/>
  <testcase name="testClassName" time="1.716" classname="com.nanda.testlab.selenium.problems.TestLocatorFeature"/>
  <testcase name="testXPATH" time="0.742" classname="com.nanda.testlab.selenium.problems.TestLocatorFeature"/>
  <testcase name="testPartialLinkText" time="1.016" classname="com.nanda.testlab.selenium.problems.TestLocatorFeature"/>
  <testcase name="testName" time="1.316" classname="com.nanda.testlab.selenium.problems.TestLocatorFeature"/>
  <testcase name="testLinkText" time="1.615" classname="com.nanda.testlab.selenium.problems.TestLocatorFeature"/>
  <testcase name="testCSS" time="1.360" classname="com.nanda.testlab.selenium.problems.TestLocatorFeature"/>
</testsuite> <!-- com.nanda.testlab.selenium.problems.TestLocatorFeature -->
