<?xml version="1.0" encoding="UTF-8"?>
<!-- Generated by org.testng.reporters.JUnitReportReporter -->
<testsuite skipped="0" hostname="nanmathi-HP" name="com.nanda.testlab.selenium.test.FirstTest" tests="1" failures="0" timestamp="20 Apr 2017 01:36:08 GMT" time="101.538" errors="0">
  <testcase name="testWeb" time="101.538" classname="com.nanda.testlab.selenium.test.FirstTest"/>
</testsuite> <!-- com.nanda.testlab.selenium.test.FirstTest -->
