<?xml version="1.0" encoding="UTF-8"?>
<!-- Generated by org.testng.reporters.JUnitReportReporter -->
<testsuite skipped="0" hostname="nanmathi-HP" name="com.nanda.testlab.selenium.test.WebElementTest" tests="1" failures="0" timestamp="26 Apr 2017 05:39:04 GMT" time="50.906" errors="0">
  <testcase name="testSelect" time="50.906" classname="com.nanda.testlab.selenium.test.WebElementTest"/>
</testsuite> <!-- com.nanda.testlab.selenium.test.WebElementTest -->
