<?xml version="1.0" encoding="UTF-8"?>
<!-- Generated by org.testng.reporters.JUnitReportReporter -->
<testsuite skipped="0" hostname="EPINPUNW0017" name="com.nanda.testlab.selenium.problems.FirstTest" tests="1" failures="0" timestamp="03 Dec 2017 12:44:22 GMT" time="14.404" errors="0">
  <testcase name="testPage" time="14.404" classname="com.nanda.testlab.selenium.problems.FirstTest"/>
</testsuite> <!-- com.nanda.testlab.selenium.problems.FirstTest -->
