<?xml version="1.0" encoding="UTF-8"?>
<!-- Generated by org.testng.reporters.JUnitReportReporter -->
<testsuite skipped="0" hostname="EPINPUNW0017" name="com.nanda.testlab.selenium.guru99.test.RegisterPageTest" tests="1" failures="0" timestamp="13 Nov 2017 11:46:30 GMT" time="10.677" errors="0">
  <testcase name="testRegister" time="10.677" classname="com.nanda.testlab.selenium.guru99.test.RegisterPageTest"/>
</testsuite> <!-- com.nanda.testlab.selenium.guru99.test.RegisterPageTest -->
