<?xml version="1.0" encoding="UTF-8"?>
<!-- Generated by org.testng.reporters.JUnitReportReporter -->
<testsuite skipped="0" hostname="EPINPUNW0017" name="com.nanda.testlab.selenium.guru99.test.JSExecutorTest" tests="1" failures="0" timestamp="03 Dec 2017 18:19:15 GMT" time="3.174" errors="0">
  <testcase name="testJS" time="3.174" classname="com.nanda.testlab.selenium.guru99.test.JSExecutorTest"/>
</testsuite> <!-- com.nanda.testlab.selenium.guru99.test.JSExecutorTest -->
