<?xml version="1.0" encoding="UTF-8"?>
<!-- Generated by org.testng.reporters.JUnitReportReporter -->
<testsuite skipped="0" hostname="nanmathi-HP" name="com.nanda.testlab.selenium.problems.FirstTest" tests="1" failures="0" timestamp="17 May 2017 04:53:15 GMT" time="31.274" errors="0">
  <testcase name="testPage" time="31.274" classname="com.nanda.testlab.selenium.problems.FirstTest"/>
</testsuite> <!-- com.nanda.testlab.selenium.problems.FirstTest -->
