<?xml version="1.0" encoding="UTF-8"?>
<!-- Generated by org.testng.reporters.JUnitReportReporter -->
<testsuite skipped="0" hostname="nanmathi-HP" name="com.nanda.app.store.test.TestOne" tests="1" failures="0" timestamp="17 May 2017 06:54:14 GMT" time="1405.618" errors="0">
  <testcase name="testOne" time="1405.618" classname="com.nanda.app.store.test.TestOne"/>
</testsuite> <!-- com.nanda.app.store.test.TestOne -->
